2022-04-30 15:39:00,692	WARNING utils.py:537 -- Detecting docker specified CPUs. In previous versions of Ray, CPU detection in containers was incorrect. Please ensure that Ray has enough CPUs allocated. As a temporary workaround to revert to the prior behavior, set `RAY_USE_MULTIPROCESSING_CPU_COUNT=1` as an env var before starting Ray. Set the env var: `RAY_DISABLE_DOCKER_CPU_WARNING=1` to mute this warning.
2022-04-30 15:39:02,768	WARNING trial_runner.py:1489 -- You are trying to access _search_alg interface of TrialRunner in TrialScheduler, which is being restricted. If you believe it is reasonable for your scheduler to access this TrialRunner API, please reach out to Ray team on GitHub. A more strict API access pattern would be enforced starting 1.12s.0
2022-04-30 15:39:02,981	INFO trial_runner.py:803 -- starting train_9ad26_00000
[2m[36m(pid=1035857)[0m WARNING:tensorflow:From /opt/conda/lib/python3.8/site-packages/tensorflow_probability/python/internal/variadic_reduce.py:115: calling function (from tensorflow.python.eager.def_function) with experimental_compile is deprecated and will be removed in a future version.
[2m[36m(pid=1035857)[0m Instructions for updating:
[2m[36m(pid=1035857)[0m experimental_compile is deprecated, use jit_compile instead
2022-04-30 15:39:06,114	INFO trial_runner.py:803 -- starting train_9ad26_00001
2022-04-30 15:39:06,120	INFO trial_runner.py:803 -- starting train_9ad26_00002
2022-04-30 15:39:06,125	INFO trial_runner.py:803 -- starting train_9ad26_00003
2022-04-30 15:39:06,129	INFO trial_runner.py:803 -- starting train_9ad26_00004
2022-04-30 15:39:06,133	INFO trial_runner.py:803 -- starting train_9ad26_00005
2022-04-30 15:39:06,138	INFO trial_runner.py:803 -- starting train_9ad26_00006
2022-04-30 15:39:06,142	INFO trial_runner.py:803 -- starting train_9ad26_00007
2022-04-30 15:39:06,146	INFO trial_runner.py:803 -- starting train_9ad26_00008
2022-04-30 15:39:06,150	INFO trial_runner.py:803 -- starting train_9ad26_00009
2022-04-30 15:39:06,154	INFO trial_runner.py:803 -- starting train_9ad26_00010
2022-04-30 15:39:06,157	INFO trial_runner.py:803 -- starting train_9ad26_00011
== Status ==
Current time: 2022-04-30 15:39:06 (running for 00:00:03.35)
Memory usage on this node: 14.7/503.6 GiB
PopulationBasedTraining: 0 checkpoints, 0 perturbs
Resources requested: 1.0/40 CPUs, 0.16/2 GPUs, 0.0/163.0 GiB heap, 0.0/73.85 GiB objects
Result logdir: /workspace/dreamerv2/dreamerv2/pbt_results/hopper_hop/train_2022-04-30_15-39-02
Number of trials: 12/12 (11 PENDING, 1 RUNNING)
+-------------------+----------+--------------------+------------------+----------------+
| Trial name        | status   | loc                |   actor_grad_mix |   imag_horizon |
|-------------------+----------+--------------------+------------------+----------------|
| train_9ad26_00000 | RUNNING  | 172.17.0.3:1035857 |       0.567259   |             49 |
| train_9ad26_00001 | PENDING  |                    |       0.453859   |             13 |
| train_9ad26_00002 | PENDING  |                    |       0.858148   |             19 |
| train_9ad26_00003 | PENDING  |                    |       0.528358   |             23 |
| train_9ad26_00004 | PENDING  |                    |       0.102882   |             46 |
| train_9ad26_00005 | PENDING  |                    |       0.4392     |             13 |
| train_9ad26_00006 | PENDING  |                    |       0.444972   |             47 |
| train_9ad26_00007 | PENDING  |                    |       0.344834   |             43 |
| train_9ad26_00008 | PENDING  |                    |       0.420035   |             15 |
| train_9ad26_00009 | PENDING  |                    |       0.00168849 |             35 |
| train_9ad26_00010 | PENDING  |                    |       0.209568   |             45 |
| train_9ad26_00011 | PENDING  |                    |       0.864051   |             10 |
+-------------------+----------+--------------------+------------------+----------------+


[2m[36m(train pid=1035857)[0m Create agent.
[2m[36m(train pid=1035857)[0m Encoder CNN inputs: ['image']
[2m[36m(train pid=1035857)[0m Encoder MLP inputs: []
[2m[36m(train pid=1035857)[0m Decoder CNN outputs: ['image']
[2m[36m(train pid=1035857)[0m Decoder MLP outputs: []
[2m[36m(train pid=1035857)[0m Prefill dataset (1000 steps).
[2m[36m(train pid=1035895)[0m Create agent.
[2m[36m(train pid=1035895)[0m Encoder CNN inputs: ['image']
[2m[36m(train pid=1035895)[0m Encoder MLP inputs: []
[2m[36m(train pid=1035895)[0m Decoder CNN outputs: ['image']
[2m[36m(train pid=1035895)[0m Decoder MLP outputs: []
[2m[36m(train pid=1035895)[0m Prefill dataset (1000 steps).
[2m[36m(train pid=1035902)[0m Create agent.
[2m[36m(train pid=1035902)[0m Encoder CNN inputs: ['image']
[2m[36m(train pid=1035902)[0m Encoder MLP inputs: []
[2m[36m(train pid=1035902)[0m Decoder CNN outputs: ['image']
[2m[36m(train pid=1035902)[0m Decoder MLP outputs: []
[2m[36m(train pid=1035899)[0m Create agent.
[2m[36m(train pid=1035899)[0m Encoder CNN inputs: ['image']
[2m[36m(train pid=1035899)[0m Encoder MLP inputs: []
[2m[36m(train pid=1035899)[0m Decoder CNN outputs: ['image']
[2m[36m(train pid=1035899)[0m Decoder MLP outputs: []
[2m[36m(train pid=1035908)[0m Create agent.
[2m[36m(train pid=1035908)[0m Encoder CNN inputs: ['image']
[2m[36m(train pid=1035908)[0m Encoder MLP inputs: []
[2m[36m(train pid=1035908)[0m Decoder CNN outputs: ['image']
[2m[36m(train pid=1035908)[0m Decoder MLP outputs: []
[2m[36m(train pid=1035910)[0m Create agent.
[2m[36m(train pid=1035910)[0m Encoder CNN inputs: ['image']
[2m[36m(train pid=1035910)[0m Encoder MLP inputs: []
[2m[36m(train pid=1035910)[0m Decoder CNN outputs: ['image']
[2m[36m(train pid=1035910)[0m Decoder MLP outputs: []
[2m[36m(train pid=1035906)[0m Create agent.
[2m[36m(train pid=1035906)[0m Encoder CNN inputs: ['image']
[2m[36m(train pid=1035906)[0m Encoder MLP inputs: []
[2m[36m(train pid=1035906)[0m Decoder CNN outputs: ['image']
[2m[36m(train pid=1035906)[0m Decoder MLP outputs: []
[2m[36m(train pid=1035897)[0m Create agent.
[2m[36m(train pid=1035897)[0m Encoder CNN inputs: ['image']
[2m[36m(train pid=1035897)[0m Encoder MLP inputs: []
[2m[36m(train pid=1035897)[0m Decoder CNN outputs: ['image']
[2m[36m(train pid=1035897)[0m Decoder MLP outputs: []
[2m[36m(train pid=1035902)[0m Prefill dataset (1000 steps).
[2m[36m(train pid=1035910)[0m Prefill dataset (1000 steps).
[2m[36m(train pid=1035906)[0m Prefill dataset (1000 steps).
[2m[36m(train pid=1035891)[0m Create agent.
[2m[36m(train pid=1035891)[0m Encoder CNN inputs: ['image']
[2m[36m(train pid=1035891)[0m Encoder MLP inputs: []
[2m[36m(train pid=1035891)[0m Decoder CNN outputs: ['image']
[2m[36m(train pid=1035891)[0m Decoder MLP outputs: []
[2m[36m(train pid=1035904)[0m Create agent.
[2m[36m(train pid=1035904)[0m Encoder CNN inputs: ['image']
[2m[36m(train pid=1035904)[0m Encoder MLP inputs: []
[2m[36m(train pid=1035904)[0m Decoder CNN outputs: ['image']
[2m[36m(train pid=1035904)[0m Decoder MLP outputs: []
[2m[36m(train pid=1035893)[0m Create agent.
[2m[36m(train pid=1035893)[0m Encoder CNN inputs: ['image']
[2m[36m(train pid=1035893)[0m Encoder MLP inputs: []
[2m[36m(train pid=1035893)[0m Decoder CNN outputs: ['image']
[2m[36m(train pid=1035893)[0m Decoder MLP outputs: []
[2m[36m(train pid=1035900)[0m Create agent.
[2m[36m(train pid=1035900)[0m Encoder CNN inputs: ['image']
[2m[36m(train pid=1035900)[0m Encoder MLP inputs: []
[2m[36m(train pid=1035900)[0m Decoder CNN outputs: ['image']
[2m[36m(train pid=1035900)[0m Decoder MLP outputs: []
[2m[36m(train pid=1035899)[0m Prefill dataset (1000 steps).
[2m[36m(train pid=1035908)[0m Prefill dataset (1000 steps).
[2m[36m(train pid=1035891)[0m Prefill dataset (1000 steps).
[2m[36m(train pid=1035897)[0m Prefill dataset (1000 steps).
[2m[36m(train pid=1035900)[0m Prefill dataset (1000 steps).
[2m[36m(train pid=1035893)[0m Prefill dataset (1000 steps).
[2m[36m(train pid=1035904)[0m Prefill dataset (1000 steps).
[2m[36m(train pid=1035857)[0m Train episode has 500 steps and return 0.0.
[2m[36m(train pid=1035857)[0m [1000] train_return 0 / train_length 500 / train_total_steps 500 / train_total_episodes 1 / train_loaded_steps 500 / train_loaded_episodes 1
[2m[36m(train pid=1035895)[0m Train episode has 500 steps and return 0.0.
[2m[36m(train pid=1035895)[0m [1000] train_return 0 / train_length 500 / train_total_steps 500 / train_total_episodes 1 / train_loaded_steps 500 / train_loaded_episodes 1
[2m[36m(train pid=1035910)[0m Train episode has 500 steps and return 0.0.
[2m[36m(train pid=1035910)[0m [1000] train_return 0 / train_length 500 / train_total_steps 500 / train_total_episodes 1 / train_loaded_steps 500 / train_loaded_episodes 1
[2m[36m(train pid=1035906)[0m Train episode has 500 steps and return 0.0.
[2m[36m(train pid=1035906)[0m [1000] train_return 0 / train_length 500 / train_total_steps 500 / train_total_episodes 1 / train_loaded_steps 500 / train_loaded_episodes 1
[2m[36m(train pid=1035908)[0m Train episode has 500 steps and return 0.0.
[2m[36m(train pid=1035908)[0m [1000] train_return 0 / train_length 500 / train_total_steps 500 / train_total_episodes 1 / train_loaded_steps 500 / train_loaded_episodes 1
[2m[36m(train pid=1035902)[0m Train episode has 500 steps and return 0.0.
[2m[36m(train pid=1035902)[0m [1000] train_return 0 / train_length 500 / train_total_steps 500 / train_total_episodes 1 / train_loaded_steps 500 / train_loaded_episodes 1
[2m[36m(train pid=1035899)[0m Train episode has 500 steps and return 0.0.
[2m[36m(train pid=1035899)[0m [1000] train_return 0 / train_length 500 / train_total_steps 500 / train_total_episodes 1 / train_loaded_steps 500 / train_loaded_episodes 1
[2m[36m(train pid=1035897)[0m Train episode has 500 steps and return 0.0.
[2m[36m(train pid=1035900)[0m Train episode has 500 steps and return 0.0.
[2m[36m(train pid=1035900)[0m [1000] train_return 0 / train_length 500 / train_total_steps 500 / train_total_episodes 1 / train_loaded_steps 500 / train_loaded_episodes 1
[2m[36m(train pid=1035897)[0m [1000] train_return 0 / train_length 500 / train_total_steps 500 / train_total_episodes 1 / train_loaded_steps 500 / train_loaded_episodes 1
[2m[36m(train pid=1035891)[0m Train episode has 500 steps and return 0.0.
[2m[36m(train pid=1035891)[0m [1000] train_return 0 / train_length 500 / train_total_steps 500 / train_total_episodes 1 / train_loaded_steps 500 / train_loaded_episodes 1
[2m[36m(train pid=1035904)[0m Train episode has 500 steps and return 0.0.
[2m[36m(train pid=1035904)[0m [1000] train_return 0 / train_length 500 / train_total_steps 500 / train_total_episodes 1 / train_loaded_steps 500 / train_loaded_episodes 1
[2m[36m(train pid=1035893)[0m Train episode has 500 steps and return 0.0.
[2m[36m(train pid=1035893)[0m [1000] train_return 0 / train_length 500 / train_total_steps 500 / train_total_episodes 1 / train_loaded_steps 500 / train_loaded_episodes 1
[2m[36m(train pid=1035857)[0m Train episode has 500 steps and return 0.0.
[2m[36m(train pid=1035857)[0m [2000] train_return 0 / train_length 500 / train_total_steps 1000 / train_total_episodes 2 / train_loaded_steps 1000 / train_loaded_episodes 2
[2m[36m(train pid=1035910)[0m Train episode has 500 steps and return 0.0.
[2m[36m(train pid=1035910)[0m [2000] train_return 0 / train_length 500 / train_total_steps 1000 / train_total_episodes 2 / train_loaded_steps 1000 / train_loaded_episodes 2
[2m[36m(train pid=1035895)[0m Train episode has 500 steps and return 0.0.
[2m[36m(train pid=1035895)[0m [2000] train_return 0 / train_length 500 / train_total_steps 1000 / train_total_episodes 2 / train_loaded_steps 1000 / train_loaded_episodes 2
[2m[36m(train pid=1035908)[0m Train episode has 500 steps and return 0.0.
[2m[36m(train pid=1035908)[0m [2000] train_return 0 / train_length 500 / train_total_steps 1000 / train_total_episodes 2 / train_loaded_steps 1000 / train_loaded_episodes 2
[2m[36m(train pid=1035902)[0m Train episode has 500 steps and return 0.0.
[2m[36m(train pid=1035902)[0m [2000] train_return 0 / train_length 500 / train_total_steps 1000 / train_total_episodes 2 / train_loaded_steps 1000 / train_loaded_episodes 2
[2m[36m(train pid=1035899)[0m Train episode has 500 steps and return 0.0.
[2m[36m(train pid=1035899)[0m [2000] train_return 0 / train_length 500 / train_total_steps 1000 / train_total_episodes 2 / train_loaded_steps 1000 / train_loaded_episodes 2
[2m[36m(train pid=1035906)[0m Train episode has 500 steps and return 1.8.
[2m[36m(train pid=1035906)[0m [2000] train_return 1.79 / train_length 500 / train_total_steps 1000 / train_total_episodes 2 / train_loaded_steps 1000 / train_loaded_episodes 2
[2m[36m(train pid=1035897)[0m Train episode has 500 steps and return 0.0.
[2m[36m(train pid=1035897)[0m [2000] train_return 0 / train_length 500 / train_total_steps 1000 / train_total_episodes 2 / train_loaded_steps 1000 / train_loaded_episodes 2
[2m[36m(train pid=1035900)[0m Train episode has 500 steps and return 0.0.
[2m[36m(train pid=1035900)[0m [2000] train_return 0 / train_length 500 / train_total_steps 1000 / train_total_episodes 2 / train_loaded_steps 1000 / train_loaded_episodes 2
[2m[36m(train pid=1035891)[0m Train episode has 500 steps and return 0.0.
[2m[36m(train pid=1035891)[0m [2000] train_return 0 / train_length 500 / train_total_steps 1000 / train_total_episodes 2 / train_loaded_steps 1000 / train_loaded_episodes 2
[2m[36m(train pid=1035904)[0m Train episode has 500 steps and return 0.0.
[2m[36m(train pid=1035904)[0m [2000] train_return 4.5e-3 / train_length 500 / train_total_steps 1000 / train_total_episodes 2 / train_loaded_steps 1000 / train_loaded_episodes 2
[2m[36m(train pid=1035893)[0m Train episode has 500 steps and return 0.0.
[2m[36m(train pid=1035893)[0m [2000] train_return 0 / train_length 500 / train_total_steps 1000 / train_total_episodes 2 / train_loaded_steps 1000 / train_loaded_episodes 2
[2m[36m(train pid=1035857)[0m Eval episode has 500 steps and return 0.0.
[2m[36m(train pid=1035857)[0m [2000] eval_return 0 / eval_length 500 / eval_total_steps 0 / eval_total_episodes 0 / eval_loaded_steps 0 / eval_loaded_episodes 0
Result for train_9ad26_00000:
  date: 2022-04-30_15-40-02
  done: false
  eval_reward: 0.0
  experiment_id: 136a9bd316f944f98c9f35af11545d80
  hostname: 1a56d0e8c5fd
  iterations_since_restore: 1
  node_ip: 172.17.0.3
  pid: 1035857
  should_checkpoint: true
  time_since_restore: 56.27420926094055
  time_this_iter_s: 56.27420926094055
  time_total_s: 56.27420926094055
  timestamp: 1651304402
  timesteps_since_restore: 0
  training_iteration: 1
  trial_id: 9ad26_00000
  warmup_time: 0.0041577816009521484
  
[2m[36m(train pid=1035857)[0m Save checkpoint with 3 tensors and 3 parameters.
[2m[36m(train pid=1035857)[0m save check point to /workspace/dreamerv2/dreamerv2/pbt_results/hopper_hop/train_2022-04-30_15-39-02/train_9ad26_00000_0_actor_grad_mix=0.56726,imag_horizon=49_2022-04-30_15-39-02/checkpoint_001000/variables.pkl
[2m[36m(train pid=1035910)[0m Eval episode has 500 steps and return 0.0.
[2m[36m(train pid=1035910)[0m [2000] eval_return 0 / eval_length 500 / eval_total_steps 0 / eval_total_episodes 0 / eval_loaded_steps 0 / eval_loaded_episodes 0
Result for train_9ad26_00011:
  date: 2022-04-30_15-40-04
  done: false
  eval_reward: 0.0
  experiment_id: 865a389df8d64f7da0b9c05421d8d913
  hostname: 1a56d0e8c5fd
  iterations_since_restore: 1
  node_ip: 172.17.0.3
  pid: 1035910
  should_checkpoint: true
  time_since_restore: 54.48355031013489
  time_this_iter_s: 54.48355031013489
  time_total_s: 54.48355031013489
  timestamp: 1651304404
  timesteps_since_restore: 0
  training_iteration: 1
  trial_id: 9ad26_00011
  warmup_time: 0.0037682056427001953
  
== Status ==
Current time: 2022-04-30 15:40:04 (running for 00:01:01.44)
Memory usage on this node: 25.1/503.6 GiB
PopulationBasedTraining: 0 checkpoints, 0 perturbs
Resources requested: 12.0/40 CPUs, 1.9199999999999997/2 GPUs, 0.0/163.0 GiB heap, 0.0/73.85 GiB objects
Result logdir: /workspace/dreamerv2/dreamerv2/pbt_results/hopper_hop/train_2022-04-30_15-39-02
Number of trials: 12/12 (12 RUNNING)
+-------------------+----------+--------------------+------------------+----------------+--------+------------------+---------------+
| Trial name        | status   | loc                |   actor_grad_mix |   imag_horizon |   iter |   total time (s) |   eval_reward |
|-------------------+----------+--------------------+------------------+----------------+--------+------------------+---------------|
| train_9ad26_00000 | RUNNING  | 172.17.0.3:1035857 |       0.567259   |             49 |      1 |          56.2742 |             0 |
| train_9ad26_00001 | RUNNING  | 172.17.0.3:1035891 |       0.453859   |             13 |        |                  |               |
| train_9ad26_00002 | RUNNING  | 172.17.0.3:1035893 |       0.858148   |             19 |        |                  |               |
| train_9ad26_00003 | RUNNING  | 172.17.0.3:1035895 |       0.528358   |             23 |        |                  |               |
| train_9ad26_00004 | RUNNING  | 172.17.0.3:1035897 |       0.102882   |             46 |        |                  |               |
| train_9ad26_00005 | RUNNING  | 172.17.0.3:1035899 |       0.4392     |             13 |        |                  |               |
| train_9ad26_00006 | RUNNING  | 172.17.0.3:1035900 |       0.444972   |             47 |        |                  |               |
| train_9ad26_00007 | RUNNING  | 172.17.0.3:1035902 |       0.344834   |             43 |        |                  |               |
| train_9ad26_00008 | RUNNING  | 172.17.0.3:1035904 |       0.420035   |             15 |        |                  |               |
| train_9ad26_00009 | RUNNING  | 172.17.0.3:1035906 |       0.00168849 |             35 |        |                  |               |
| train_9ad26_00010 | RUNNING  | 172.17.0.3:1035908 |       0.209568   |             45 |        |                  |               |
| train_9ad26_00011 | RUNNING  | 172.17.0.3:1035910 |       0.864051   |             10 |      1 |          54.4836 |             0 |
+-------------------+----------+--------------------+------------------+----------------+--------+------------------+---------------+


[2m[36m(train pid=1035910)[0m Save checkpoint with 3 tensors and 3 parameters.
[2m[36m(train pid=1035910)[0m save check point to /workspace/dreamerv2/dreamerv2/pbt_results/hopper_hop/train_2022-04-30_15-39-02/train_9ad26_00011_11_actor_grad_mix=0.86405,imag_horizon=10_2022-04-30_15-39-06/checkpoint_001000/variables.pkl
[2m[36m(train pid=1035908)[0m Eval episode has 500 steps and return 0.0.
[2m[36m(train pid=1035908)[0m [2000] eval_return 0 / eval_length 500 / eval_total_steps 0 / eval_total_episodes 0 / eval_loaded_steps 0 / eval_loaded_episodes 0
[2m[36m(train pid=1035895)[0m Eval episode has 500 steps and return 0.0.
[2m[36m(train pid=1035895)[0m [2000] eval_return 0 / eval_length 500 / eval_total_steps 0 / eval_total_episodes 0 / eval_loaded_steps 0 / eval_loaded_episodes 0
[2m[36m(train pid=1035906)[0m Eval episode has 500 steps and return 0.0.
[2m[36m(train pid=1035906)[0m [2000] eval_return 0 / eval_length 500 / eval_total_steps 0 / eval_total_episodes 0 / eval_loaded_steps 0 / eval_loaded_episodes 0
[2m[36m(train pid=1035899)[0m Eval episode has 500 steps and return 0.0.
[2m[36m(train pid=1035899)[0m [2000] eval_return 0 / eval_length 500 / eval_total_steps 0 / eval_total_episodes 0 / eval_loaded_steps 0 / eval_loaded_episodes 0
Result for train_9ad26_00010:
  date: 2022-04-30_15-40-04
  done: false
  eval_reward: 0.0
  experiment_id: a467afda3b294a218861fe7a2a0d8388
  hostname: 1a56d0e8c5fd
  iterations_since_restore: 1
  node_ip: 172.17.0.3
  pid: 1035908
  should_checkpoint: true
  time_since_restore: 54.93538236618042
  time_this_iter_s: 54.93538236618042
  time_total_s: 54.93538236618042
  timestamp: 1651304404
  timesteps_since_restore: 0
  training_iteration: 1
  trial_id: 9ad26_00010
  warmup_time: 0.003956317901611328
  
[2m[36m(train pid=1035902)[0m Eval episode has 500 steps and return 0.0.
[2m[36m(train pid=1035902)[0m [2000] eval_return 0 / eval_length 500 / eval_total_steps 0 / eval_total_episodes 0 / eval_loaded_steps 0 / eval_loaded_episodes 0
[2m[36m(train pid=1035908)[0m Save checkpoint with 3 tensors and 3 parameters.
[2m[36m(train pid=1035908)[0m save check point to /workspace/dreamerv2/dreamerv2/pbt_results/hopper_hop/train_2022-04-30_15-39-02/train_9ad26_00010_10_actor_grad_mix=0.20957,imag_horizon=45_2022-04-30_15-39-06/checkpoint_001000/variables.pkl
[2m[36m(train pid=1035897)[0m Eval episode has 500 steps and return 0.0.
[2m[36m(train pid=1035897)[0m [2000] eval_return 0 / eval_length 500 / eval_total_steps 0 / eval_total_episodes 0 / eval_loaded_steps 0 / eval_loaded_episodes 0
Result for train_9ad26_00003:
  date: 2022-04-30_15-40-04
  done: false
  eval_reward: 0.0
  experiment_id: 525d6454d9824c228d98912715749b92
  hostname: 1a56d0e8c5fd
  iterations_since_restore: 1
  node_ip: 172.17.0.3
  pid: 1035895
  should_checkpoint: true
  time_since_restore: 55.33395862579346
  time_this_iter_s: 55.33395862579346
  time_total_s: 55.33395862579346
  timestamp: 1651304404
  timesteps_since_restore: 0
  training_iteration: 1
  trial_id: 9ad26_00003
  warmup_time: 0.004244089126586914
  
Result for train_9ad26_00009:
  date: 2022-04-30_15-40-04
  done: false
  eval_reward: 0.0
  experiment_id: cfa3e1a1ad1b4fe799248316d60d2c76
  hostname: 1a56d0e8c5fd
  iterations_since_restore: 1
  node_ip: 172.17.0.3
  pid: 1035906
  should_checkpoint: true
  time_since_restore: 55.13372182846069
  time_this_iter_s: 55.13372182846069
  time_total_s: 55.13372182846069
  timestamp: 1651304404
  timesteps_since_restore: 0
  training_iteration: 1
  trial_id: 9ad26_00009
  warmup_time: 0.003924369812011719
  
[2m[36m(train pid=1035895)[0m Save checkpoint with 3 tensors and 3 parameters.
[2m[36m(train pid=1035895)[0m save check point to /workspace/dreamerv2/dreamerv2/pbt_results/hopper_hop/train_2022-04-30_15-39-02/train_9ad26_00003_3_actor_grad_mix=0.52836,imag_horizon=23_2022-04-30_15-39-06/checkpoint_001000/variables.pkl
[2m[36m(train pid=1035906)[0m Save checkpoint with 3 tensors and 3 parameters.
[2m[36m(train pid=1035906)[0m save check point to /workspace/dreamerv2/dreamerv2/pbt_results/hopper_hop/train_2022-04-30_15-39-02/train_9ad26_00009_9_actor_grad_mix=0.0016885,imag_horizon=35_2022-04-30_15-39-06/checkpoint_001000/variables.pkl
[2m[36m(train pid=1035900)[0m Eval episode has 500 steps and return 0.0.
[2m[36m(train pid=1035900)[0m [2000] eval_return 0 / eval_length 500 / eval_total_steps 0 / eval_total_episodes 0 / eval_loaded_steps 0 / eval_loaded_episodes 0
Result for train_9ad26_00005:
  date: 2022-04-30_15-40-04
  done: false
  eval_reward: 0.0
  experiment_id: a21dfe9dd4d0446dbe858fb486609463
  hostname: 1a56d0e8c5fd
  iterations_since_restore: 1
  node_ip: 172.17.0.3
  pid: 1035899
  should_checkpoint: true
  time_since_restore: 55.16480374336243
  time_this_iter_s: 55.16480374336243
  time_total_s: 55.16480374336243
  timestamp: 1651304404
  timesteps_since_restore: 0
  training_iteration: 1
  trial_id: 9ad26_00005
  warmup_time: 0.004235267639160156
  
[2m[36m(train pid=1035899)[0m Save checkpoint with 3 tensors and 3 parameters.
[2m[36m(train pid=1035899)[0m save check point to /workspace/dreamerv2/dreamerv2/pbt_results/hopper_hop/train_2022-04-30_15-39-02/train_9ad26_00005_5_actor_grad_mix=0.4392,imag_horizon=13_2022-04-30_15-39-06/checkpoint_001000/variables.pkl
Result for train_9ad26_00007:
  date: 2022-04-30_15-40-05
  done: false
  eval_reward: 0.0
  experiment_id: b1e2d60505044bb0bff1d9539ad72f19
  hostname: 1a56d0e8c5fd
  iterations_since_restore: 1
  node_ip: 172.17.0.3
  pid: 1035902
  should_checkpoint: true
  time_since_restore: 55.4925754070282
  time_this_iter_s: 55.4925754070282
  time_total_s: 55.4925754070282
  timestamp: 1651304405
  timesteps_since_restore: 0
  training_iteration: 1
  trial_id: 9ad26_00007
  warmup_time: 0.0044345855712890625
  
Result for train_9ad26_00004:
  date: 2022-04-30_15-40-05
  done: false
  eval_reward: 0.0
  experiment_id: 4f097e81ae7e4f14bc4bbdbcd45220e4
  hostname: 1a56d0e8c5fd
  iterations_since_restore: 1
  node_ip: 172.17.0.3
  pid: 1035897
  should_checkpoint: true
  time_since_restore: 55.37715816497803
  time_this_iter_s: 55.37715816497803
  time_total_s: 55.37715816497803
  timestamp: 1651304405
  timesteps_since_restore: 0
  training_iteration: 1
  trial_id: 9ad26_00004
  warmup_time: 0.0035066604614257812
  
[2m[36m(train pid=1035902)[0m Save checkpoint with 3 tensors and 3 parameters.
[2m[36m(train pid=1035902)[0m save check point to /workspace/dreamerv2/dreamerv2/pbt_results/hopper_hop/train_2022-04-30_15-39-02/train_9ad26_00007_7_actor_grad_mix=0.34483,imag_horizon=43_2022-04-30_15-39-06/checkpoint_001000/variables.pkl
[2m[36m(train pid=1035897)[0m Save checkpoint with 3 tensors and 3 parameters.
[2m[36m(train pid=1035897)[0m save check point to /workspace/dreamerv2/dreamerv2/pbt_results/hopper_hop/train_2022-04-30_15-39-02/train_9ad26_00004_4_actor_grad_mix=0.10288,imag_horizon=46_2022-04-30_15-39-06/checkpoint_001000/variables.pkl
Result for train_9ad26_00006:
  date: 2022-04-30_15-40-05
  done: false
  eval_reward: 0.0
  experiment_id: 2381723238b44c06b8196d5d2cccd4ba
  hostname: 1a56d0e8c5fd
  iterations_since_restore: 1
  node_ip: 172.17.0.3
  pid: 1035900
  should_checkpoint: true
  time_since_restore: 55.23141002655029
  time_this_iter_s: 55.23141002655029
  time_total_s: 55.23141002655029
  timestamp: 1651304405
  timesteps_since_restore: 0
  training_iteration: 1
  trial_id: 9ad26_00006
  warmup_time: 0.004259347915649414
  
[2m[36m(train pid=1035900)[0m Save checkpoint with 3 tensors and 3 parameters.
[2m[36m(train pid=1035900)[0m save check point to /workspace/dreamerv2/dreamerv2/pbt_results/hopper_hop/train_2022-04-30_15-39-02/train_9ad26_00006_6_actor_grad_mix=0.44497,imag_horizon=47_2022-04-30_15-39-06/checkpoint_001000/variables.pkl
[2m[36m(train pid=1035891)[0m Eval episode has 500 steps and return 0.0.
[2m[36m(train pid=1035891)[0m [2000] eval_return 0 / eval_length 500 / eval_total_steps 0 / eval_total_episodes 0 / eval_loaded_steps 0 / eval_loaded_episodes 0
Result for train_9ad26_00001:
  date: 2022-04-30_15-40-05
  done: false
  eval_reward: 0.0
  experiment_id: 9226d045d4254a99a224f9466404d4ca
  hostname: 1a56d0e8c5fd
  iterations_since_restore: 1
  node_ip: 172.17.0.3
  pid: 1035891
  should_checkpoint: true
  time_since_restore: 56.1683189868927
  time_this_iter_s: 56.1683189868927
  time_total_s: 56.1683189868927
  timestamp: 1651304405
  timesteps_since_restore: 0
  training_iteration: 1
  trial_id: 9ad26_00001
  warmup_time: 0.003587484359741211
  
[2m[36m(train pid=1035891)[0m Save checkpoint with 3 tensors and 3 parameters.
[2m[36m(train pid=1035891)[0m save check point to /workspace/dreamerv2/dreamerv2/pbt_results/hopper_hop/train_2022-04-30_15-39-02/train_9ad26_00001_1_actor_grad_mix=0.45386,imag_horizon=13_2022-04-30_15-39-06/checkpoint_001000/variables.pkl
[2m[36m(train pid=1035904)[0m Eval episode has 500 steps and return 0.0.
[2m[36m(train pid=1035904)[0m [2000] eval_return 0 / eval_length 500 / eval_total_steps 0 / eval_total_episodes 0 / eval_loaded_steps 0 / eval_loaded_episodes 0
Result for train_9ad26_00008:
  date: 2022-04-30_15-40-06
  done: false
  eval_reward: 0.0
  experiment_id: c2a18052ffff4ef0949bdd8acc413e10
  hostname: 1a56d0e8c5fd
  iterations_since_restore: 1
  node_ip: 172.17.0.3
  pid: 1035904
  should_checkpoint: true
  time_since_restore: 56.465964794158936
  time_this_iter_s: 56.465964794158936
  time_total_s: 56.465964794158936
  timestamp: 1651304406
  timesteps_since_restore: 0
  training_iteration: 1
  trial_id: 9ad26_00008
  warmup_time: 0.004362583160400391
  
[2m[36m(train pid=1035904)[0m Save checkpoint with 3 tensors and 3 parameters.
[2m[36m(train pid=1035904)[0m save check point to /workspace/dreamerv2/dreamerv2/pbt_results/hopper_hop/train_2022-04-30_15-39-02/train_9ad26_00008_8_actor_grad_mix=0.42003,imag_horizon=15_2022-04-30_15-39-06/checkpoint_001000/variables.pkl
[2m[36m(train pid=1035893)[0m Eval episode has 500 steps and return 0.0.
[2m[36m(train pid=1035893)[0m [2000] eval_return 0 / eval_length 500 / eval_total_steps 0 / eval_total_episodes 0 / eval_loaded_steps 0 / eval_loaded_episodes 0
Result for train_9ad26_00002:
  date: 2022-04-30_15-40-06
  done: false
  eval_reward: 0.0
  experiment_id: 9a4a968e57a54d01885c15beb3c3a94f
  hostname: 1a56d0e8c5fd
  iterations_since_restore: 1
  node_ip: 172.17.0.3
  pid: 1035893
  should_checkpoint: true
  time_since_restore: 56.62473821640015
  time_this_iter_s: 56.62473821640015
  time_total_s: 56.62473821640015
  timestamp: 1651304406
  timesteps_since_restore: 0
  training_iteration: 1
  trial_id: 9ad26_00002
  warmup_time: 0.004164934158325195
  
[2m[36m(train pid=1035893)[0m Save checkpoint with 3 tensors and 3 parameters.
[2m[36m(train pid=1035893)[0m save check point to /workspace/dreamerv2/dreamerv2/pbt_results/hopper_hop/train_2022-04-30_15-39-02/train_9ad26_00002_2_actor_grad_mix=0.85815,imag_horizon=19_2022-04-30_15-39-06/checkpoint_001000/variables.pkl
[2m[36m(train pid=1035857)[0m Found 13656372 model parameters.
[2m[36m(train pid=1035910)[0m Found 13656372 model parameters.
[2m[36m(train pid=1035895)[0m Found 13656372 model parameters.
[2m[36m(train pid=1035908)[0m Found 13656372 model parameters.
[2m[36m(train pid=1035902)[0m Found 13656372 model parameters.
[2m[36m(train pid=1035906)[0m Found 13656372 model parameters.
[2m[36m(train pid=1035897)[0m Found 13656372 model parameters.
[2m[36m(train pid=1035899)[0m Found 13656372 model parameters.
[2m[36m(train pid=1035900)[0m Found 13656372 model parameters.
[2m[36m(train pid=1035891)[0m Found 13656372 model parameters.
[2m[36m(train pid=1035904)[0m Found 13656372 model parameters.
[2m[36m(train pid=1035893)[0m Found 13656372 model parameters.
[2m[36m(train pid=1035910)[0m Found 974408 actor parameters.
[2m[36m(train pid=1035899)[0m Found 974408 actor parameters.
[2m[36m(train pid=1035895)[0m Found 974408 actor parameters.
[2m[36m(train pid=1035910)[0m Found 971601 critic parameters.
[2m[36m(train pid=1035857)[0m Found 974408 actor parameters.
[2m[36m(train pid=1035891)[0m Found 974408 actor parameters.
[2m[36m(train pid=1035906)[0m Found 974408 actor parameters.
[2m[36m(train pid=1035904)[0m Found 974408 actor parameters.
[2m[36m(train pid=1035908)[0m Found 974408 actor parameters.
[2m[36m(train pid=1035893)[0m Found 974408 actor parameters.
[2m[36m(train pid=1035902)[0m Found 974408 actor parameters.
[2m[36m(train pid=1035899)[0m Found 971601 critic parameters.
[2m[36m(train pid=1035897)[0m Found 974408 actor parameters.
[2m[36m(train pid=1035900)[0m Found 974408 actor parameters.
[2m[36m(train pid=1035891)[0m Found 971601 critic parameters.
[2m[36m(train pid=1035895)[0m Found 971601 critic parameters.
[2m[36m(train pid=1035904)[0m Found 971601 critic parameters.
[2m[36m(train pid=1035893)[0m Found 971601 critic parameters.
[2m[36m(train pid=1035906)[0m Found 971601 critic parameters.
[2m[36m(train pid=1035857)[0m Found 971601 critic parameters.
[2m[36m(train pid=1035908)[0m Found 971601 critic parameters.
[2m[36m(train pid=1035902)[0m Found 971601 critic parameters.
[2m[36m(train pid=1035897)[0m Found 971601 critic parameters.
[2m[36m(train pid=1035900)[0m Found 971601 critic parameters.
[2m[36m(train pid=1035910)[0m Pretrain agent.
[2m[36m(train pid=1035891)[0m Pretrain agent.
[2m[36m(train pid=1035899)[0m Pretrain agent.
[2m[36m(train pid=1035904)[0m Pretrain agent.
[2m[36m(train pid=1035895)[0m Pretrain agent.
[2m[36m(train pid=1035893)[0m Pretrain agent.
[2m[36m(train pid=1035906)[0m Pretrain agent.
== Status ==
Current time: 2022-04-30 15:41:06 (running for 00:02:03.89)
Memory usage on this node: 63.6/503.6 GiB
PopulationBasedTraining: 0 checkpoints, 0 perturbs
Resources requested: 12.0/40 CPUs, 1.9199999999999997/2 GPUs, 0.0/163.0 GiB heap, 0.0/73.85 GiB objects
Result logdir: /workspace/dreamerv2/dreamerv2/pbt_results/hopper_hop/train_2022-04-30_15-39-02
Number of trials: 12/12 (12 RUNNING)
+-------------------+----------+--------------------+------------------+----------------+--------+------------------+---------------+
| Trial name        | status   | loc                |   actor_grad_mix |   imag_horizon |   iter |   total time (s) |   eval_reward |
|-------------------+----------+--------------------+------------------+----------------+--------+------------------+---------------|
| train_9ad26_00000 | RUNNING  | 172.17.0.3:1035857 |       0.567259   |             49 |      1 |          56.2742 |             0 |
| train_9ad26_00001 | RUNNING  | 172.17.0.3:1035891 |       0.453859   |             13 |      1 |          56.1683 |             0 |
| train_9ad26_00002 | RUNNING  | 172.17.0.3:1035893 |       0.858148   |             19 |      1 |          56.6247 |             0 |
| train_9ad26_00003 | RUNNING  | 172.17.0.3:1035895 |       0.528358   |             23 |      1 |          55.334  |             0 |
| train_9ad26_00004 | RUNNING  | 172.17.0.3:1035897 |       0.102882   |             46 |      1 |          55.3772 |             0 |
| train_9ad26_00005 | RUNNING  | 172.17.0.3:1035899 |       0.4392     |             13 |      1 |          55.1648 |             0 |
| train_9ad26_00006 | RUNNING  | 172.17.0.3:1035900 |       0.444972   |             47 |      1 |          55.2314 |             0 |
| train_9ad26_00007 | RUNNING  | 172.17.0.3:1035902 |       0.344834   |             43 |      1 |          55.4926 |             0 |
| train_9ad26_00008 | RUNNING  | 172.17.0.3:1035904 |       0.420035   |             15 |      1 |          56.466  |             0 |
| train_9ad26_00009 | RUNNING  | 172.17.0.3:1035906 |       0.00168849 |             35 |      1 |          55.1337 |             0 |
| train_9ad26_00010 | RUNNING  | 172.17.0.3:1035908 |       0.209568   |             45 |      1 |          54.9354 |             0 |
| train_9ad26_00011 | RUNNING  | 172.17.0.3:1035910 |       0.864051   |             10 |      1 |          54.4836 |             0 |
+-------------------+----------+--------------------+------------------+----------------+--------+------------------+---------------+


[2m[36m(train pid=1035902)[0m Pretrain agent.
[2m[36m(train pid=1035908)[0m Pretrain agent.
[2m[36m(train pid=1035897)[0m Pretrain agent.
[2m[36m(train pid=1035857)[0m Pretrain agent.
[2m[36m(train pid=1035900)[0m Pretrain agent.
[2m[36m(train pid=1035910)[0m start training
[2m[36m(train pid=1035891)[0m start training
[2m[36m(train pid=1035899)[0m start training
[2m[36m(train pid=1035904)[0m start training
[2m[36m(train pid=1035893)[0m start training
== Status ==
Current time: 2022-04-30 15:42:06 (running for 00:03:03.98)
Memory usage on this node: 69.2/503.6 GiB
PopulationBasedTraining: 0 checkpoints, 0 perturbs
Resources requested: 12.0/40 CPUs, 1.9199999999999997/2 GPUs, 0.0/163.0 GiB heap, 0.0/73.85 GiB objects
Result logdir: /workspace/dreamerv2/dreamerv2/pbt_results/hopper_hop/train_2022-04-30_15-39-02
Number of trials: 12/12 (12 RUNNING)
+-------------------+----------+--------------------+------------------+----------------+--------+------------------+---------------+
| Trial name        | status   | loc                |   actor_grad_mix |   imag_horizon |   iter |   total time (s) |   eval_reward |
|-------------------+----------+--------------------+------------------+----------------+--------+------------------+---------------|
| train_9ad26_00000 | RUNNING  | 172.17.0.3:1035857 |       0.567259   |             49 |      1 |          56.2742 |             0 |
| train_9ad26_00001 | RUNNING  | 172.17.0.3:1035891 |       0.453859   |             13 |      1 |          56.1683 |             0 |
| train_9ad26_00002 | RUNNING  | 172.17.0.3:1035893 |       0.858148   |             19 |      1 |          56.6247 |             0 |
| train_9ad26_00003 | RUNNING  | 172.17.0.3:1035895 |       0.528358   |             23 |      1 |          55.334  |             0 |
| train_9ad26_00004 | RUNNING  | 172.17.0.3:1035897 |       0.102882   |             46 |      1 |          55.3772 |             0 |
| train_9ad26_00005 | RUNNING  | 172.17.0.3:1035899 |       0.4392     |             13 |      1 |          55.1648 |             0 |
| train_9ad26_00006 | RUNNING  | 172.17.0.3:1035900 |       0.444972   |             47 |      1 |          55.2314 |             0 |
| train_9ad26_00007 | RUNNING  | 172.17.0.3:1035902 |       0.344834   |             43 |      1 |          55.4926 |             0 |
| train_9ad26_00008 | RUNNING  | 172.17.0.3:1035904 |       0.420035   |             15 |      1 |          56.466  |             0 |
| train_9ad26_00009 | RUNNING  | 172.17.0.3:1035906 |       0.00168849 |             35 |      1 |          55.1337 |             0 |
| train_9ad26_00010 | RUNNING  | 172.17.0.3:1035908 |       0.209568   |             45 |      1 |          54.9354 |             0 |
| train_9ad26_00011 | RUNNING  | 172.17.0.3:1035910 |       0.864051   |             10 |      1 |          54.4836 |             0 |
+-------------------+----------+--------------------+------------------+----------------+--------+------------------+---------------+


[2m[36m(train pid=1035895)[0m start training
[2m[36m(train pid=1035910)[0m Eval episode has 500 steps and return 0.0.
[2m[36m(train pid=1035910)[0m [2000] eval_return 0 / eval_length 500 / eval_total_steps 500 / eval_total_episodes 1 / eval_loaded_steps 500 / eval_loaded_episodes 1
[2m[36m(train pid=1035910)[0m Save checkpoint with 77 tensors and 16573985 parameters.
Result for train_9ad26_00011:
  date: 2022-04-30_15-42-22
  done: false
  eval_reward: 0.0
  experiment_id: 865a389df8d64f7da0b9c05421d8d913
  hostname: 1a56d0e8c5fd
  iterations_since_restore: 2
  node_ip: 172.17.0.3
  pid: 1035910
  should_checkpoint: true
  time_since_restore: 193.10728311538696
  time_this_iter_s: 138.62373280525208
  time_total_s: 193.10728311538696
  timestamp: 1651304542
  timesteps_since_restore: 0
  training_iteration: 2
  trial_id: 9ad26_00011
  warmup_time: 0.0037682056427001953
  
[2m[36m(train pid=1035910)[0m save check point to /workspace/dreamerv2/dreamerv2/pbt_results/hopper_hop/train_2022-04-30_15-39-02/train_9ad26_00011_11_actor_grad_mix=0.86405,imag_horizon=10_2022-04-30_15-39-06/checkpoint_001000/variables.pkl
[2m[36m(train pid=1035910)[0m [2002] kl_loss 1.53 / image_loss 1.1e4 / reward_loss 0.92 / model_kl 1.53 / prior_ent 110.75 / post_ent 109.22 / model_loss 1.1e4 / model_loss_scale 32 / model_grad_norm 29.5 / actor_loss 0.17 / actor_loss_scale 3.3e4 / actor_grad_norm 0.06 / critic_loss 0.88 / critic_loss_scale 3.3e4 / critic_grad_norm 0.02 / reward_mean -8.6e-4 / reward_std 0.02 / reward_normed_mean -8.6e-4 / reward_normed_std 0.02 / critic_slow -0.2 / critic_target -0.2 / actor_grad_mix 0.86 / actor_ent 0.32 / actor_ent_scale 1e-4 / critic -0.2 / fps 0
[2m[36m(train pid=1035891)[0m Eval episode has 500 steps and return 0.0.
[2m[36m(train pid=1035891)[0m [2000] eval_return 0 / eval_length 500 / eval_total_steps 500 / eval_total_episodes 1 / eval_loaded_steps 500 / eval_loaded_episodes 1
[2m[36m(train pid=1035899)[0m Eval episode has 500 steps and return 0.0.
[2m[36m(train pid=1035899)[0m [2000] eval_return 0 / eval_length 500 / eval_total_steps 500 / eval_total_episodes 1 / eval_loaded_steps 500 / eval_loaded_episodes 1
[2m[36m(train pid=1035904)[0m Eval episode has 500 steps and return 0.0.
[2m[36m(train pid=1035904)[0m [2000] eval_return 0 / eval_length 500 / eval_total_steps 500 / eval_total_episodes 1 / eval_loaded_steps 500 / eval_loaded_episodes 1
[2m[36m(train pid=1035891)[0m Save checkpoint with 77 tensors and 16573985 parameters.
Result for train_9ad26_00001:
  date: 2022-04-30_15-42-31
  done: false
  eval_reward: 0.0
  experiment_id: 9226d045d4254a99a224f9466404d4ca
  hostname: 1a56d0e8c5fd
  iterations_since_restore: 2
  node_ip: 172.17.0.3
  pid: 1035891
  should_checkpoint: true
  time_since_restore: 201.3046371936798
  time_this_iter_s: 145.1363182067871
  time_total_s: 201.3046371936798
  timestamp: 1651304551
  timesteps_since_restore: 0
  training_iteration: 2
  trial_id: 9ad26_00001
  warmup_time: 0.003587484359741211
  
[2m[36m(train pid=1035899)[0m Save checkpoint with 77 tensors and 16573985 parameters.
[2m[36m(train pid=1035891)[0m save check point to /workspace/dreamerv2/dreamerv2/pbt_results/hopper_hop/train_2022-04-30_15-39-02/train_9ad26_00001_1_actor_grad_mix=0.45386,imag_horizon=13_2022-04-30_15-39-06/checkpoint_001000/variables.pkl
[2m[36m(train pid=1035899)[0m save check point to /workspace/dreamerv2/dreamerv2/pbt_results/hopper_hop/train_2022-04-30_15-39-02/train_9ad26_00005_5_actor_grad_mix=0.4392,imag_horizon=13_2022-04-30_15-39-06/checkpoint_001000/variables.pkl
Result for train_9ad26_00005:
  date: 2022-04-30_15-42-31
  done: false
  eval_reward: 0.0
  experiment_id: a21dfe9dd4d0446dbe858fb486609463
  hostname: 1a56d0e8c5fd
  iterations_since_restore: 2
  node_ip: 172.17.0.3
  pid: 1035899
  should_checkpoint: true
  time_since_restore: 201.47404074668884
  time_this_iter_s: 146.30923700332642
  time_total_s: 201.47404074668884
  timestamp: 1651304551
  timesteps_since_restore: 0
  training_iteration: 2
  trial_id: 9ad26_00005
  warmup_time: 0.004235267639160156
  
[2m[36m(train pid=1035904)[0m Save checkpoint with 77 tensors and 16573985 parameters.
Result for train_9ad26_00008:
  date: 2022-04-30_15-42-32
  done: false
  eval_reward: 0.0
  experiment_id: c2a18052ffff4ef0949bdd8acc413e10
  hostname: 1a56d0e8c5fd
  iterations_since_restore: 2
  node_ip: 172.17.0.3
  pid: 1035904
  should_checkpoint: true
  time_since_restore: 202.39294743537903
  time_this_iter_s: 145.9269826412201
  time_total_s: 202.39294743537903
  timestamp: 1651304552
  timesteps_since_restore: 0
  training_iteration: 2
  trial_id: 9ad26_00008
  warmup_time: 0.004362583160400391
  
[2m[36m(train pid=1035891)[0m [2002] kl_loss 1 / image_loss 1.1e4 / reward_loss 0.92 / model_kl 0.22 / prior_ent 110.71 / post_ent 110.83 / model_loss 1.1e4 / model_loss_scale 32 / model_grad_norm 48.87 / actor_loss 0.08 / actor_loss_scale 3.3e4 / actor_grad_norm 0.09 / critic_loss 0.88 / critic_loss_scale 3.3e4 / critic_grad_norm 0.37 / reward_mean 0.02 / reward_std 0.02 / reward_normed_mean 0.02 / reward_normed_std 0.02 / critic_slow 3.4e-4 / critic_target 0.09 / actor_grad_mix 0.45 / actor_ent 2.71 / actor_ent_scale 1e-4 / critic 4.3e-5 / fps 0
[2m[36m(train pid=1035904)[0m save check point to /workspace/dreamerv2/dreamerv2/pbt_results/hopper_hop/train_2022-04-30_15-39-02/train_9ad26_00008_8_actor_grad_mix=0.42003,imag_horizon=15_2022-04-30_15-39-06/checkpoint_001000/variables.pkl
[2m[36m(train pid=1035899)[0m [2002] kl_loss 1 / image_loss 1.1e4 / reward_loss 0.92 / model_kl 0.26 / prior_ent 110.7 / post_ent 110.81 / model_loss 1.1e4 / model_loss_scale 32 / model_grad_norm 16.7 / actor_loss 0.15 / actor_loss_scale 3.3e4 / actor_grad_norm 0.11 / critic_loss 0.87 / critic_loss_scale 3.3e4 / critic_grad_norm 0.24 / reward_mean 5e-3 / reward_std 0.02 / reward_normed_mean 5e-3 / reward_normed_std 0.02 / critic_slow -0.28 / critic_target -0.23 / actor_grad_mix 0.44 / actor_ent 2.21 / actor_ent_scale 1e-4 / critic -0.28 / fps 0
[2m[36m(train pid=1035904)[0m [2002] kl_loss 1 / image_loss 1.1e4 / reward_loss 0.92 / model_kl 0.32 / prior_ent 110.61 / post_ent 110.8 / model_loss 1.1e4 / model_loss_scale 32 / model_grad_norm 121.46 / actor_loss -0.13 / actor_loss_scale 3.3e4 / actor_grad_norm 0.05 / critic_loss 0.87 / critic_loss_scale 3.3e4 / critic_grad_norm 0.16 / reward_mean -2.8e-3 / reward_std 0.02 / reward_normed_mean -2.8e-3 / reward_normed_std 0.02 / critic_slow 0.26 / critic_target 0.23 / actor_grad_mix 0.42 / actor_ent 2.41 / actor_ent_scale 1e-4 / critic 0.26 / fps 0
[2m[36m(train pid=1035906)[0m start training
[2m[36m(train pid=1035893)[0m Eval episode has 500 steps and return 0.0.
[2m[36m(train pid=1035893)[0m [2000] eval_return 0 / eval_length 500 / eval_total_steps 500 / eval_total_episodes 1 / eval_loaded_steps 500 / eval_loaded_episodes 1
[2m[36m(train pid=1035893)[0m Save checkpoint with 77 tensors and 16573985 parameters.
Result for train_9ad26_00002:
  date: 2022-04-30_15-42-42
  done: false
  eval_reward: 0.0
  experiment_id: 9a4a968e57a54d01885c15beb3c3a94f
  hostname: 1a56d0e8c5fd
  iterations_since_restore: 2
  node_ip: 172.17.0.3
  pid: 1035893
  should_checkpoint: true
  time_since_restore: 212.59811425209045
  time_this_iter_s: 155.9733760356903
  time_total_s: 212.59811425209045
  timestamp: 1651304562
  timesteps_since_restore: 0
  training_iteration: 2
  trial_id: 9ad26_00002
  warmup_time: 0.004164934158325195
  
[2m[36m(train pid=1035893)[0m save check point to /workspace/dreamerv2/dreamerv2/pbt_results/hopper_hop/train_2022-04-30_15-39-02/train_9ad26_00002_2_actor_grad_mix=0.85815,imag_horizon=19_2022-04-30_15-39-06/checkpoint_001000/variables.pkl
[2m[36m(train pid=1035893)[0m [2002] kl_loss 1 / image_loss 1.1e4 / reward_loss 0.92 / model_kl 0.41 / prior_ent 110.59 / post_ent 110.79 / model_loss 1.1e4 / model_loss_scale 32 / model_grad_norm 12.91 / actor_loss 0.01 / actor_loss_scale 3.3e4 / actor_grad_norm 0.06 / critic_loss 0.85 / critic_loss_scale 1.6e4 / critic_grad_norm 0.16 / reward_mean -4.1e-3 / reward_std 0.02 / reward_normed_mean -4.1e-3 / reward_normed_std 0.02 / critic_slow -9.4e-4 / critic_target -0.03 / actor_grad_mix 0.86 / actor_ent 2.18 / actor_ent_scale 1e-4 / critic -1.3e-3 / fps 0
[2m[36m(train pid=1035895)[0m Eval episode has 500 steps and return 0.0.
[2m[36m(train pid=1035895)[0m [2000] eval_return 0 / eval_length 500 / eval_total_steps 500 / eval_total_episodes 1 / eval_loaded_steps 500 / eval_loaded_episodes 1
[2m[36m(train pid=1035895)[0m Save checkpoint with 77 tensors and 16573985 parameters.
Result for train_9ad26_00003:
  date: 2022-04-30_15-42-48
  done: false
  eval_reward: 0.0
  experiment_id: 525d6454d9824c228d98912715749b92
  hostname: 1a56d0e8c5fd
  iterations_since_restore: 2
  node_ip: 172.17.0.3
  pid: 1035895
  should_checkpoint: true
  time_since_restore: 219.15359258651733
  time_this_iter_s: 163.81963396072388
  time_total_s: 219.15359258651733
  timestamp: 1651304568
  timesteps_since_restore: 0
  training_iteration: 2
  trial_id: 9ad26_00003
  warmup_time: 0.004244089126586914
  
[2m[36m(train pid=1035895)[0m save check point to /workspace/dreamerv2/dreamerv2/pbt_results/hopper_hop/train_2022-04-30_15-39-02/train_9ad26_00003_3_actor_grad_mix=0.52836,imag_horizon=23_2022-04-30_15-39-06/checkpoint_001000/variables.pkl
[2m[36m(train pid=1035895)[0m [2002] kl_loss 1 / image_loss 1.1e4 / reward_loss 0.92 / model_kl 0.47 / prior_ent 110.63 / post_ent 110.7 / model_loss 1.1e4 / model_loss_scale 32 / model_grad_norm 35.11 / actor_loss -0.04 / actor_loss_scale 3.3e4 / actor_grad_norm 0.08 / critic_loss 0.84 / critic_loss_scale 3.3e4 / critic_grad_norm 0.28 / reward_mean -4.6e-3 / reward_std 0.02 / reward_normed_mean -4.6e-3 / reward_normed_std 0.02 / critic_slow 0.04 / critic_target 5.6e-3 / actor_grad_mix 0.53 / actor_ent 2.33 / actor_ent_scale 1e-4 / critic 0.04 / fps 0
[2m[36m(train pid=1035902)[0m start training
[2m[36m(train pid=1035908)[0m start training
[2m[36m(train pid=1035897)[0m start training
[2m[36m(train pid=1035900)[0m start training
== Status ==
Current time: 2022-04-30 15:43:08 (running for 00:04:05.94)
Memory usage on this node: 70.7/503.6 GiB
PopulationBasedTraining: 0 checkpoints, 0 perturbs
Resources requested: 12.0/40 CPUs, 1.9199999999999997/2 GPUs, 0.0/163.0 GiB heap, 0.0/73.85 GiB objects
Result logdir: /workspace/dreamerv2/dreamerv2/pbt_results/hopper_hop/train_2022-04-30_15-39-02
Number of trials: 12/12 (12 RUNNING)
+-------------------+----------+--------------------+------------------+----------------+--------+------------------+---------------+
| Trial name        | status   | loc                |   actor_grad_mix |   imag_horizon |   iter |   total time (s) |   eval_reward |
|-------------------+----------+--------------------+------------------+----------------+--------+------------------+---------------|
| train_9ad26_00000 | RUNNING  | 172.17.0.3:1035857 |       0.567259   |             49 |      1 |          56.2742 |             0 |
| train_9ad26_00001 | RUNNING  | 172.17.0.3:1035891 |       0.453859   |             13 |      2 |         201.305  |             0 |
| train_9ad26_00002 | RUNNING  | 172.17.0.3:1035893 |       0.858148   |             19 |      2 |         212.598  |             0 |
| train_9ad26_00003 | RUNNING  | 172.17.0.3:1035895 |       0.528358   |             23 |      2 |         219.154  |             0 |
| train_9ad26_00004 | RUNNING  | 172.17.0.3:1035897 |       0.102882   |             46 |      1 |          55.3772 |             0 |
| train_9ad26_00005 | RUNNING  | 172.17.0.3:1035899 |       0.4392     |             13 |      2 |         201.474  |             0 |
| train_9ad26_00006 | RUNNING  | 172.17.0.3:1035900 |       0.444972   |             47 |      1 |          55.2314 |             0 |
| train_9ad26_00007 | RUNNING  | 172.17.0.3:1035902 |       0.344834   |             43 |      1 |          55.4926 |             0 |
| train_9ad26_00008 | RUNNING  | 172.17.0.3:1035904 |       0.420035   |             15 |      2 |         202.393  |             0 |
| train_9ad26_00009 | RUNNING  | 172.17.0.3:1035906 |       0.00168849 |             35 |      1 |          55.1337 |             0 |
| train_9ad26_00010 | RUNNING  | 172.17.0.3:1035908 |       0.209568   |             45 |      1 |          54.9354 |             0 |
| train_9ad26_00011 | RUNNING  | 172.17.0.3:1035910 |       0.864051   |             10 |      2 |         193.107  |             0 |
+-------------------+----------+--------------------+------------------+----------------+--------+------------------+---------------+


[2m[36m(train pid=1035857)[0m start training
[2m[36m(train pid=1035906)[0m Eval episode has 500 steps and return 0.0.
[2m[36m(train pid=1035906)[0m [2000] eval_return 0 / eval_length 500 / eval_total_steps 500 / eval_total_episodes 1 / eval_loaded_steps 500 / eval_loaded_episodes 1
[2m[36m(train pid=1035906)[0m Save checkpoint with 77 tensors and 16573985 parameters.
Result for train_9ad26_00009:
  date: 2022-04-30_15-43-12
  done: false
  eval_reward: 0.0
  experiment_id: cfa3e1a1ad1b4fe799248316d60d2c76
  hostname: 1a56d0e8c5fd
  iterations_since_restore: 2
  node_ip: 172.17.0.3
  pid: 1035906
  should_checkpoint: true
  time_since_restore: 242.6315314769745
  time_this_iter_s: 187.4978096485138
  time_total_s: 242.6315314769745
  timestamp: 1651304592
  timesteps_since_restore: 0
  training_iteration: 2
  trial_id: 9ad26_00009
  warmup_time: 0.003924369812011719
  
[2m[36m(train pid=1035906)[0m save check point to /workspace/dreamerv2/dreamerv2/pbt_results/hopper_hop/train_2022-04-30_15-39-02/train_9ad26_00009_9_actor_grad_mix=0.0016885,imag_horizon=35_2022-04-30_15-39-06/checkpoint_001000/variables.pkl
[2m[36m(train pid=1035906)[0m [2002] kl_loss 1 / image_loss 1.1e4 / reward_loss 0.92 / model_kl 0.36 / prior_ent 110.66 / post_ent 110.59 / model_loss 1.1e4 / model_loss_scale 32 / model_grad_norm 9.86 / actor_loss -0.01 / actor_loss_scale 3.3e4 / actor_grad_norm 7.6e-3 / critic_loss 0.79 / critic_loss_scale 1.6e4 / critic_grad_norm 0.05 / reward_mean -3.9e-3 / reward_std 0.02 / reward_normed_mean -3.9e-3 / reward_normed_std 0.02 / critic_slow -0.29 / critic_target -0.29 / actor_grad_mix 1.7e-3 / actor_ent 2.74 / actor_ent_scale 1e-4 / critic -0.29 / fps 0
[2m[36m(train pid=1035902)[0m Eval episode has 500 steps and return 0.0.
[2m[36m(train pid=1035902)[0m [2000] eval_return 0 / eval_length 500 / eval_total_steps 500 / eval_total_episodes 1 / eval_loaded_steps 500 / eval_loaded_episodes 1
[2m[36m(train pid=1035902)[0m Save checkpoint with 77 tensors and 16573985 parameters.
Result for train_9ad26_00007:
  date: 2022-04-30_15-43-28
  done: false
  eval_reward: 0.0
  experiment_id: b1e2d60505044bb0bff1d9539ad72f19
  hostname: 1a56d0e8c5fd
  iterations_since_restore: 2
  node_ip: 172.17.0.3
  pid: 1035902
  should_checkpoint: true
  time_since_restore: 258.5670726299286
  time_this_iter_s: 203.0744972229004
  time_total_s: 258.5670726299286
  timestamp: 1651304608
  timesteps_since_restore: 0
  training_iteration: 2
  trial_id: 9ad26_00007
  warmup_time: 0.0044345855712890625
  
[2m[36m(train pid=1035902)[0m save check point to /workspace/dreamerv2/dreamerv2/pbt_results/hopper_hop/train_2022-04-30_15-39-02/train_9ad26_00007_7_actor_grad_mix=0.34483,imag_horizon=43_2022-04-30_15-39-06/checkpoint_001000/variables.pkl
[2m[36m(train pid=1035908)[0m Eval episode has 500 steps and return 0.0.
[2m[36m(train pid=1035908)[0m [2000] eval_return 7.7e-3 / eval_length 500 / eval_total_steps 500 / eval_total_episodes 1 / eval_loaded_steps 500 / eval_loaded_episodes 1
[2m[36m(train pid=1035902)[0m [2002] kl_loss 1 / image_loss 1.1e4 / reward_loss 0.92 / model_kl 0.29 / prior_ent 110.64 / post_ent 110.74 / model_loss 1.1e4 / model_loss_scale 32 / model_grad_norm 15.08 / actor_loss -0.02 / actor_loss_scale 3.3e4 / actor_grad_norm 0.06 / critic_loss 0.76 / critic_loss_scale 1.6e4 / critic_grad_norm 0.05 / reward_mean 4.7e-4 / reward_std 0.02 / reward_normed_mean 4.7e-4 / reward_normed_std 0.02 / critic_slow 0.07 / critic_target 0.07 / actor_grad_mix 0.34 / actor_ent 2.34 / actor_ent_scale 1e-4 / critic 0.07 / fps 0
[2m[36m(train pid=1035908)[0m Save checkpoint with 77 tensors and 16573985 parameters.
Result for train_9ad26_00010:
  date: 2022-04-30_15-43-29
  done: false
  eval_reward: 0.007650410756468773
  experiment_id: a467afda3b294a218861fe7a2a0d8388
  hostname: 1a56d0e8c5fd
  iterations_since_restore: 2
  node_ip: 172.17.0.3
  pid: 1035908
  should_checkpoint: true
  time_since_restore: 260.221031665802
  time_this_iter_s: 205.28564929962158
  time_total_s: 260.221031665802
  timestamp: 1651304609
  timesteps_since_restore: 0
  training_iteration: 2
  trial_id: 9ad26_00010
  warmup_time: 0.003956317901611328
  
[2m[36m(train pid=1035908)[0m save check point to /workspace/dreamerv2/dreamerv2/pbt_results/hopper_hop/train_2022-04-30_15-39-02/train_9ad26_00010_10_actor_grad_mix=0.20957,imag_horizon=45_2022-04-30_15-39-06/checkpoint_001000/variables.pkl
[2m[36m(train pid=1035908)[0m [2002] kl_loss 1.24 / image_loss 1.1e4 / reward_loss 0.92 / model_kl 1.24 / prior_ent 110.69 / post_ent 109.66 / model_loss 1.1e4 / model_loss_scale 32 / model_grad_norm 29.4 / actor_loss -0.01 / actor_loss_scale 3.3e4 / actor_grad_norm 0.03 / critic_loss 0.75 / critic_loss_scale 3.3e4 / critic_grad_norm 0.03 / reward_mean 8.5e-4 / reward_std 0.02 / reward_normed_mean 8.5e-4 / reward_normed_std 0.02 / critic_slow 0.07 / critic_target 0.08 / actor_grad_mix 0.21 / actor_ent 1.88 / actor_ent_scale 1e-4 / critic 0.07 / fps 0
[2m[36m(train pid=1035910)[0m Train episode has 500 steps and return 0.0.
[2m[36m(train pid=1035910)[0m [3000] train_return 0 / train_length 500 / train_total_steps 1500 / train_total_episodes 3 / train_loaded_steps 1500 / train_loaded_episodes 3
[2m[36m(train pid=1035897)[0m Eval episode has 500 steps and return 0.0.
[2m[36m(train pid=1035897)[0m [2000] eval_return 0 / eval_length 500 / eval_total_steps 500 / eval_total_episodes 1 / eval_loaded_steps 500 / eval_loaded_episodes 1
[2m[36m(train pid=1035897)[0m Save checkpoint with 77 tensors and 16573985 parameters.
Result for train_9ad26_00004:
  date: 2022-04-30_15-43-34
  done: false
  eval_reward: 0.0
  experiment_id: 4f097e81ae7e4f14bc4bbdbcd45220e4
  hostname: 1a56d0e8c5fd
  iterations_since_restore: 2
  node_ip: 172.17.0.3
  pid: 1035897
  should_checkpoint: true
  time_since_restore: 264.746191740036
  time_this_iter_s: 209.36903357505798
  time_total_s: 264.746191740036
  timestamp: 1651304614
  timesteps_since_restore: 0
  training_iteration: 2
  trial_id: 9ad26_00004
  warmup_time: 0.0035066604614257812
  
[2m[36m(train pid=1035897)[0m save check point to /workspace/dreamerv2/dreamerv2/pbt_results/hopper_hop/train_2022-04-30_15-39-02/train_9ad26_00004_4_actor_grad_mix=0.10288,imag_horizon=46_2022-04-30_15-39-06/checkpoint_001000/variables.pkl
[2m[36m(train pid=1035897)[0m [2002] kl_loss 1 / image_loss 1.1e4 / reward_loss 0.92 / model_kl 0.44 / prior_ent 110.59 / post_ent 110.65 / model_loss 1.1e4 / model_loss_scale 32 / model_grad_norm 38.91 / actor_loss -0.02 / actor_loss_scale 3.3e4 / actor_grad_norm 0.18 / critic_loss 0.75 / critic_loss_scale 1.6e4 / critic_grad_norm 0.17 / reward_mean -4.6e-3 / reward_std 0.02 / reward_normed_mean -4.6e-3 / reward_normed_std 0.02 / critic_slow -0.18 / critic_target -0.21 / actor_grad_mix 0.1 / actor_ent 1.51 / actor_ent_scale 1e-4 / critic -0.18 / fps 0
[2m[36m(train pid=1035900)[0m Eval episode has 500 steps and return 0.0.
[2m[36m(train pid=1035900)[0m [2000] eval_return 0 / eval_length 500 / eval_total_steps 500 / eval_total_episodes 1 / eval_loaded_steps 500 / eval_loaded_episodes 1
[2m[36m(train pid=1035900)[0m Save checkpoint with 77 tensors and 16573985 parameters.
Result for train_9ad26_00006:
  date: 2022-04-30_15-43-40
  done: false
  eval_reward: 0.0
  experiment_id: 2381723238b44c06b8196d5d2cccd4ba
  hostname: 1a56d0e8c5fd
  iterations_since_restore: 2
  node_ip: 172.17.0.3
  pid: 1035900
  should_checkpoint: true
  time_since_restore: 270.26830768585205
  time_this_iter_s: 215.03689765930176
  time_total_s: 270.26830768585205
  timestamp: 1651304620
  timesteps_since_restore: 0
  training_iteration: 2
  trial_id: 9ad26_00006
  warmup_time: 0.004259347915649414
  
[2m[36m(train pid=1035900)[0m save check point to /workspace/dreamerv2/dreamerv2/pbt_results/hopper_hop/train_2022-04-30_15-39-02/train_9ad26_00006_6_actor_grad_mix=0.44497,imag_horizon=47_2022-04-30_15-39-06/checkpoint_001000/variables.pkl
[2m[36m(train pid=1035900)[0m [2002] kl_loss 1 / image_loss 1.1e4 / reward_loss 0.92 / model_kl 0.38 / prior_ent 110.62 / post_ent 110.7 / model_loss 1.1e4 / model_loss_scale 32 / model_grad_norm 7.73 / actor_loss 0.04 / actor_loss_scale 3.3e4 / actor_grad_norm 0.13 / critic_loss 0.75 / critic_loss_scale 3.3e4 / critic_grad_norm 0.19 / reward_mean 1.3e-3 / reward_std 0.02 / reward_normed_mean 1.3e-3 / reward_normed_std 0.02 / critic_slow -0.07 / critic_target -0.04 / actor_grad_mix 0.44 / actor_ent 2.01 / actor_ent_scale 1e-4 / critic -0.07 / fps 0
[2m[36m(train pid=1035899)[0m Train episode has 500 steps and return 0.0.
[2m[36m(train pid=1035899)[0m [3000] train_return 0 / train_length 500 / train_total_steps 1500 / train_total_episodes 3 / train_loaded_steps 1500 / train_loaded_episodes 3
[2m[36m(train pid=1035857)[0m Eval episode has 500 steps and return 0.0.
[2m[36m(train pid=1035857)[0m [2000] eval_return 0 / eval_length 500 / eval_total_steps 500 / eval_total_episodes 1 / eval_loaded_steps 500 / eval_loaded_episodes 1
[2m[36m(train pid=1035891)[0m Train episode has 500 steps and return 0.0.
[2m[36m(train pid=1035891)[0m [3000] train_return 0 / train_length 500 / train_total_steps 1500 / train_total_episodes 3 / train_loaded_steps 1500 / train_loaded_episodes 3
[2m[36m(train pid=1035857)[0m Save checkpoint with 77 tensors and 16573985 parameters.
Result for train_9ad26_00000:
  date: 2022-04-30_15-43-44
  done: false
  eval_reward: 0.0
  experiment_id: 136a9bd316f944f98c9f35af11545d80
  hostname: 1a56d0e8c5fd
  iterations_since_restore: 2
  node_ip: 172.17.0.3
  pid: 1035857
  should_checkpoint: true
  time_since_restore: 278.3867652416229
  time_this_iter_s: 222.11255598068237
  time_total_s: 278.3867652416229
  timestamp: 1651304624
  timesteps_since_restore: 0
  training_iteration: 2
  trial_id: 9ad26_00000
  warmup_time: 0.0041577816009521484
  
[2m[36m(train pid=1035857)[0m save check point to /workspace/dreamerv2/dreamerv2/pbt_results/hopper_hop/train_2022-04-30_15-39-02/train_9ad26_00000_0_actor_grad_mix=0.56726,imag_horizon=49_2022-04-30_15-39-02/checkpoint_001000/variables.pkl
[2m[36m(train pid=1035857)[0m [2002] kl_loss 1 / image_loss 1.1e4 / reward_loss 0.92 / model_kl 0.33 / prior_ent 110.64 / post_ent 110.72 / model_loss 1.1e4 / model_loss_scale 32 / model_grad_norm 28.58 / actor_loss 0.09 / actor_loss_scale 3.3e4 / actor_grad_norm 0.09 / critic_loss 0.74 / critic_loss_scale 1.6e4 / critic_grad_norm 0.13 / reward_mean -3.8e-3 / reward_std 0.02 / reward_normed_mean -3.8e-3 / reward_normed_std 0.02 / critic_slow -0.17 / critic_target -0.19 / actor_grad_mix 0.57 / actor_ent -0.24 / actor_ent_scale 1e-4 / critic -0.17 / fps 0
[2m[36m(train pid=1035904)[0m Train episode has 500 steps and return 0.0.
[2m[36m(train pid=1035904)[0m [3000] train_return 0 / train_length 500 / train_total_steps 1500 / train_total_episodes 3 / train_loaded_steps 1500 / train_loaded_episodes 3
[2m[36m(train pid=1035893)[0m Train episode has 500 steps and return 0.0.
[2m[36m(train pid=1035893)[0m [3000] train_return 0 / train_length 500 / train_total_steps 1500 / train_total_episodes 3 / train_loaded_steps 1500 / train_loaded_episodes 3
[2m[36m(train pid=1035895)[0m Train episode has 500 steps and return 0.3.
[2m[36m(train pid=1035895)[0m [3000] train_return 0.29 / train_length 500 / train_total_steps 1500 / train_total_episodes 3 / train_loaded_steps 1500 / train_loaded_episodes 3
